<?xml version="1.0" encoding="UTF-8"?>
<!-- Generated by org.testng.reporters.JUnitXMLReporter -->
<testsuite ignored="0" hostname="DESKTOP-JLUD505" failures="0" tests="4" name="IsNegative Test" time="0.003" errors="0" timestamp="2021-10-24T13:47:23 EEST">
  <testcase classname="tests.IsNegativeTests" name="IsPositiveTest" time="0.001"/>
  <testcase classname="tests.IsNegativeTests" name="IsPositiveTest" time="0.0"/>
  <testcase classname="tests.IsNegativeTests" name="IsPositiveTest" time="0.0"/>
  <testcase classname="tests.IsNegativeTests" name="IsPositiveTest" time="0.0"/>
</testsuite> <!-- IsNegative Test -->
