<?xml version="1.0" encoding="UTF-8"?>
<!-- Generated by org.testng.reporters.JUnitXMLReporter -->
<testsuite ignored="1" hostname="DESKTOP-JLUD505" failures="0" tests="4" name="Div Test for long values" time="0.003" errors="0" timestamp="2021-10-24T13:47:22 EEST">
  <testcase classname="tests.DivLongValuesTests" name="DivTest" time="0.001"/>
  <testcase classname="tests.DivLongValuesTests" name="DivTest" time="0.0"/>
  <testcase classname="tests.DivLongValuesTests" name="DivTest" time="0.0"/>
  <testcase classname="tests.DivLongValuesTests" name="DivTest" time="0.001"/>
  <testcase classname="tests.DivLongValuesTests" name="DivNegativeTest" time="0.0">
    <ignored/>
  </testcase> <!-- DivNegativeTest -->
</testsuite> <!-- Div Test for long values -->
