<?xml version="1.0" encoding="UTF-8"?>
<!-- Generated by org.testng.reporters.JUnitXMLReporter -->
<testsuite ignored="0" hostname="DESKTOP-JLUD505" failures="0" tests="5" name="Multiple Test for long values" time="0.002" errors="0" timestamp="2021-10-24T13:47:23 EEST">
  <testcase classname="tests.MultipleLongValuesTests" name="MultTest" time="0.0"/>
  <testcase classname="tests.MultipleLongValuesTests" name="MultTest" time="0.0"/>
  <testcase classname="tests.MultipleLongValuesTests" name="MultTest" time="0.0"/>
  <testcase classname="tests.MultipleLongValuesTests" name="MultTest" time="0.0"/>
  <testcase classname="tests.MultipleLongValuesTests" name="MultTest" time="0.0"/>
</testsuite> <!-- Multiple Test for long values -->
