<?xml version="1.0" encoding="UTF-8"?>
<!-- Generated by org.testng.reporters.JUnitXMLReporter -->
<testsuite ignored="0" hostname="DESKTOP-JLUD505" failures="0" tests="4" name="Sin Test" time="0.005" errors="0" timestamp="2021-10-24T13:47:22 EEST">
  <testcase classname="tests.SinTests" name="SinTest" time="0.001"/>
  <testcase classname="tests.SinTests" name="SinTest" time="0.0"/>
  <testcase classname="tests.SinTests" name="SinTest" time="0.0"/>
  <testcase classname="tests.SinTests" name="SinTest" time="0.0"/>
</testsuite> <!-- Sin Test -->
