<?xml version="1.0" encoding="UTF-8"?>
<!-- Generated by org.testng.reporters.JUnitXMLReporter -->
<testsuite ignored="0" hostname="DESKTOP-JLUD505" failures="0" tests="4" name="Sub Cal Test" time="0.047" errors="0" timestamp="2021-10-23T16:22:06 EEST">
  <testcase classname="tests.SumDoubleValuesTests" name="SumTest" time="0.016"/>
  <testcase classname="tests.SumDoubleValuesTests" name="SumTest" time="0.0"/>
  <testcase classname="tests.SumDoubleValuesTests" name="SumTest" time="0.0"/>
  <testcase classname="tests.SumDoubleValuesTests" name="SumTest" time="0.0"/>
</testsuite> <!-- Sub Cal Test -->
