<?xml version="1.0" encoding="UTF-8"?>
<!-- Generated by org.testng.reporters.JUnitXMLReporter -->
<testsuite ignored="0" hostname="DESKTOP-JLUD505" failures="0" tests="4" name="Sub Cal Test For Long Values" time="18.928" errors="0" timestamp="2021-10-23T16:22:25 EEST">
  <testcase classname="tests.SumLongValuesTests" name="SumTest" time="12.437"/>
  <testcase classname="tests.SumLongValuesTests" name="SumTest" time="3.231"/>
  <testcase classname="tests.SumLongValuesTests" name="SumTest" time="1.472"/>
  <testcase classname="tests.SumLongValuesTests" name="SumTest" time="1.788"/>
</testsuite> <!-- Sub Cal Test For Long Values -->
