<?xml version="1.0" encoding="UTF-8"?>
<testng-results ignored="1" total="59" passed="58" failed="0" skipped="0">
  <reporter-output>
  </reporter-output>
  <suite started-at="2021-10-24T13:47:22 EEST" name="Algebraic Suite" finished-at="2021-10-24T13:47:23 EEST" duration-ms="65">
    <groups>
    </groups>
    <test started-at="2021-10-24T13:47:22 EEST" name="Sum Test" finished-at="2021-10-24T13:47:22 EEST" duration-ms="2">
      <class name="tests.SumDoubleValuesTests">
        <test-method is-config="true" signature="SetUp()[pri:0, instance:tests.SumDoubleValuesTests@5bfbf16f]" started-at="2021-10-24T13:47:22 EEST" name="SetUp" finished-at="2021-10-24T13:47:22 EEST" duration-ms="1" status="PASS">
          <reporter-output>
          </reporter-output>
        </test-method> <!-- SetUp -->
        <test-method signature="SumTest(double, double, double)[pri:0, instance:tests.SumDoubleValuesTests@5bfbf16f]" started-at="2021-10-24T13:47:22 EEST" name="SumTest" data-provider="ValuesForSumTest" finished-at="2021-10-24T13:47:22 EEST" duration-ms="0" status="PASS">
          <params>
            <param index="0">
              <value>
                <![CDATA[0]]>
              </value>
            </param>
            <param index="1">
              <value>
                <![CDATA[0]]>
              </value>
            </param>
            <param index="2">
              <value>
                <![CDATA[0]]>
              </value>
            </param>
          </params>
          <reporter-output>
          </reporter-output>
        </test-method> <!-- SumTest -->
        <test-method signature="SumTest(double, double, double)[pri:0, instance:tests.SumDoubleValuesTests@5bfbf16f]" started-at="2021-10-24T13:47:22 EEST" name="SumTest" data-provider="ValuesForSumTest" finished-at="2021-10-24T13:47:22 EEST" duration-ms="0" status="PASS">
          <params>
            <param index="0">
              <value>
                <![CDATA[1.5]]>
              </value>
            </param>
            <param index="1">
              <value>
                <![CDATA[2]]>
              </value>
            </param>
            <param index="2">
              <value>
                <![CDATA[3.5]]>
              </value>
            </param>
          </params>
          <reporter-output>
          </reporter-output>
        </test-method> <!-- SumTest -->
        <test-method signature="SumTest(double, double, double)[pri:0, instance:tests.SumDoubleValuesTests@5bfbf16f]" started-at="2021-10-24T13:47:22 EEST" name="SumTest" data-provider="ValuesForSumTest" finished-at="2021-10-24T13:47:22 EEST" duration-ms="0" status="PASS">
          <params>
            <param index="0">
              <value>
                <![CDATA[-5.2]]>
              </value>
            </param>
            <param index="1">
              <value>
                <![CDATA[-7.3]]>
              </value>
            </param>
            <param index="2">
              <value>
                <![CDATA[-12.5]]>
              </value>
            </param>
          </params>
          <reporter-output>
          </reporter-output>
        </test-method> <!-- SumTest -->
        <test-method is-config="true" signature="tearDown()[pri:0, instance:tests.SumDoubleValuesTests@5bfbf16f]" started-at="2021-10-24T13:47:22 EEST" name="tearDown" finished-at="2021-10-24T13:47:22 EEST" duration-ms="0" status="PASS">
          <reporter-output>
          </reporter-output>
        </test-method> <!-- tearDown -->
        <test-method signature="SumTest(double, double, double)[pri:0, instance:tests.SumDoubleValuesTests@5bfbf16f]" started-at="2021-10-24T13:47:22 EEST" name="SumTest" data-provider="ValuesForSumTest" finished-at="2021-10-24T13:47:22 EEST" duration-ms="0" status="PASS">
          <params>
            <param index="0">
              <value>
                <![CDATA[1]]>
              </value>
            </param>
            <param index="1">
              <value>
                <![CDATA[-5.5]]>
              </value>
            </param>
            <param index="2">
              <value>
                <![CDATA[-4.5]]>
              </value>
            </param>
          </params>
          <reporter-output>
          </reporter-output>
        </test-method> <!-- SumTest -->
      </class> <!-- tests.SumDoubleValuesTests -->
    </test> <!-- Sum Test -->
    <test started-at="2021-10-24T13:47:22 EEST" name="Sum Test for long values" finished-at="2021-10-24T13:47:22 EEST" duration-ms="3">
      <class name="tests.SumLongValuesTests">
        <test-method is-config="true" signature="SetUp()[pri:0, instance:tests.SumLongValuesTests@44c8afef]" started-at="2021-10-24T13:47:22 EEST" name="SetUp" finished-at="2021-10-24T13:47:22 EEST" duration-ms="0" status="PASS">
          <reporter-output>
          </reporter-output>
        </test-method> <!-- SetUp -->
        <test-method signature="SumTest(long, long, long)[pri:0, instance:tests.SumLongValuesTests@44c8afef]" started-at="2021-10-24T13:47:22 EEST" name="SumTest" data-provider="ValuesForSumTest" finished-at="2021-10-24T13:47:22 EEST" duration-ms="0" status="PASS">
          <params>
            <param index="0">
              <value>
                <![CDATA[0]]>
              </value>
            </param>
            <param index="1">
              <value>
                <![CDATA[0]]>
              </value>
            </param>
            <param index="2">
              <value>
                <![CDATA[0]]>
              </value>
            </param>
          </params>
          <reporter-output>
          </reporter-output>
        </test-method> <!-- SumTest -->
        <test-method signature="SumTest(long, long, long)[pri:0, instance:tests.SumLongValuesTests@44c8afef]" started-at="2021-10-24T13:47:22 EEST" name="SumTest" data-provider="ValuesForSumTest" finished-at="2021-10-24T13:47:22 EEST" duration-ms="0" status="PASS">
          <params>
            <param index="0">
              <value>
                <![CDATA[128]]>
              </value>
            </param>
            <param index="1">
              <value>
                <![CDATA[128]]>
              </value>
            </param>
            <param index="2">
              <value>
                <![CDATA[256]]>
              </value>
            </param>
          </params>
          <reporter-output>
          </reporter-output>
        </test-method> <!-- SumTest -->
        <test-method signature="SumTest(long, long, long)[pri:0, instance:tests.SumLongValuesTests@44c8afef]" started-at="2021-10-24T13:47:22 EEST" name="SumTest" data-provider="ValuesForSumTest" finished-at="2021-10-24T13:47:22 EEST" duration-ms="0" status="PASS">
          <params>
            <param index="0">
              <value>
                <![CDATA[-5]]>
              </value>
            </param>
            <param index="1">
              <value>
                <![CDATA[-7]]>
              </value>
            </param>
            <param index="2">
              <value>
                <![CDATA[-12]]>
              </value>
            </param>
          </params>
          <reporter-output>
          </reporter-output>
        </test-method> <!-- SumTest -->
        <test-method signature="SumTest(long, long, long)[pri:0, instance:tests.SumLongValuesTests@44c8afef]" started-at="2021-10-24T13:47:22 EEST" name="SumTest" data-provider="ValuesForSumTest" finished-at="2021-10-24T13:47:22 EEST" duration-ms="0" status="PASS">
          <params>
            <param index="0">
              <value>
                <![CDATA[1]]>
              </value>
            </param>
            <param index="1">
              <value>
                <![CDATA[-5]]>
              </value>
            </param>
            <param index="2">
              <value>
                <![CDATA[-4]]>
              </value>
            </param>
          </params>
          <reporter-output>
          </reporter-output>
        </test-method> <!-- SumTest -->
        <test-method is-config="true" signature="tearDown()[pri:0, instance:tests.SumLongValuesTests@44c8afef]" started-at="2021-10-24T13:47:22 EEST" name="tearDown" finished-at="2021-10-24T13:47:22 EEST" duration-ms="1" status="PASS">
          <reporter-output>
          </reporter-output>
        </test-method> <!-- tearDown -->
      </class> <!-- tests.SumLongValuesTests -->
    </test> <!-- Sum Test for long values -->
    <test started-at="2021-10-24T13:47:22 EEST" name="Sub Test" finished-at="2021-10-24T13:47:22 EEST" duration-ms="3">
      <class name="tests.SubDoubleValuesTests">
        <test-method is-config="true" signature="SetUp()[pri:0, instance:tests.SubDoubleValuesTests@7a3d45bd]" started-at="2021-10-24T13:47:22 EEST" name="SetUp" finished-at="2021-10-24T13:47:22 EEST" duration-ms="0" status="PASS">
          <reporter-output>
          </reporter-output>
        </test-method> <!-- SetUp -->
        <test-method signature="SubTest(double, double, double)[pri:0, instance:tests.SubDoubleValuesTests@7a3d45bd]" started-at="2021-10-24T13:47:22 EEST" name="SubTest" data-provider="ValuesForSubTest" finished-at="2021-10-24T13:47:22 EEST" duration-ms="0" status="PASS">
          <params>
            <param index="0">
              <value>
                <![CDATA[0]]>
              </value>
            </param>
            <param index="1">
              <value>
                <![CDATA[0]]>
              </value>
            </param>
            <param index="2">
              <value>
                <![CDATA[0]]>
              </value>
            </param>
          </params>
          <reporter-output>
          </reporter-output>
        </test-method> <!-- SubTest -->
        <test-method signature="SubTest(double, double, double)[pri:0, instance:tests.SubDoubleValuesTests@7a3d45bd]" started-at="2021-10-24T13:47:22 EEST" name="SubTest" data-provider="ValuesForSubTest" finished-at="2021-10-24T13:47:22 EEST" duration-ms="0" status="PASS">
          <params>
            <param index="0">
              <value>
                <![CDATA[1.5]]>
              </value>
            </param>
            <param index="1">
              <value>
                <![CDATA[-5]]>
              </value>
            </param>
            <param index="2">
              <value>
                <![CDATA[6.5]]>
              </value>
            </param>
          </params>
          <reporter-output>
          </reporter-output>
        </test-method> <!-- SubTest -->
        <test-method signature="SubTest(double, double, double)[pri:0, instance:tests.SubDoubleValuesTests@7a3d45bd]" started-at="2021-10-24T13:47:22 EEST" name="SubTest" data-provider="ValuesForSubTest" finished-at="2021-10-24T13:47:22 EEST" duration-ms="0" status="PASS">
          <params>
            <param index="0">
              <value>
                <![CDATA[2.5]]>
              </value>
            </param>
            <param index="1">
              <value>
                <![CDATA[2]]>
              </value>
            </param>
            <param index="2">
              <value>
                <![CDATA[0.5]]>
              </value>
            </param>
          </params>
          <reporter-output>
          </reporter-output>
        </test-method> <!-- SubTest -->
        <test-method is-config="true" signature="tearDown()[pri:0, instance:tests.SubDoubleValuesTests@7a3d45bd]" started-at="2021-10-24T13:47:22 EEST" name="tearDown" finished-at="2021-10-24T13:47:22 EEST" duration-ms="0" status="PASS">
          <reporter-output>
          </reporter-output>
        </test-method> <!-- tearDown -->
        <test-method signature="SubTest(double, double, double)[pri:0, instance:tests.SubDoubleValuesTests@7a3d45bd]" started-at="2021-10-24T13:47:22 EEST" name="SubTest" data-provider="ValuesForSubTest" finished-at="2021-10-24T13:47:22 EEST" duration-ms="0" status="PASS">
          <params>
            <param index="0">
              <value>
                <![CDATA[-5.5]]>
              </value>
            </param>
            <param index="1">
              <value>
                <![CDATA[-7]]>
              </value>
            </param>
            <param index="2">
              <value>
                <![CDATA[1.5]]>
              </value>
            </param>
          </params>
          <reporter-output>
          </reporter-output>
        </test-method> <!-- SubTest -->
      </class> <!-- tests.SubDoubleValuesTests -->
    </test> <!-- Sub Test -->
    <test started-at="2021-10-24T13:47:22 EEST" name="Sub Test for long values" finished-at="2021-10-24T13:47:22 EEST" duration-ms="2">
      <class name="tests.SubLongValuesTests">
        <test-method is-config="true" signature="SetUp()[pri:0, instance:tests.SubLongValuesTests@3aeaafa6]" started-at="2021-10-24T13:47:22 EEST" name="SetUp" finished-at="2021-10-24T13:47:22 EEST" duration-ms="0" status="PASS">
          <reporter-output>
          </reporter-output>
        </test-method> <!-- SetUp -->
        <test-method signature="SubTest(long, long, long)[pri:0, instance:tests.SubLongValuesTests@3aeaafa6]" started-at="2021-10-24T13:47:22 EEST" name="SubTest" data-provider="ValuesForSubTest" finished-at="2021-10-24T13:47:22 EEST" duration-ms="0" status="PASS">
          <params>
            <param index="0">
              <value>
                <![CDATA[128]]>
              </value>
            </param>
            <param index="1">
              <value>
                <![CDATA[128]]>
              </value>
            </param>
            <param index="2">
              <value>
                <![CDATA[0]]>
              </value>
            </param>
          </params>
          <reporter-output>
          </reporter-output>
        </test-method> <!-- SubTest -->
        <test-method signature="SubTest(long, long, long)[pri:0, instance:tests.SubLongValuesTests@3aeaafa6]" started-at="2021-10-24T13:47:22 EEST" name="SubTest" data-provider="ValuesForSubTest" finished-at="2021-10-24T13:47:22 EEST" duration-ms="0" status="PASS">
          <params>
            <param index="0">
              <value>
                <![CDATA[1]]>
              </value>
            </param>
            <param index="1">
              <value>
                <![CDATA[-5]]>
              </value>
            </param>
            <param index="2">
              <value>
                <![CDATA[6]]>
              </value>
            </param>
          </params>
          <reporter-output>
          </reporter-output>
        </test-method> <!-- SubTest -->
        <test-method signature="SubTest(long, long, long)[pri:0, instance:tests.SubLongValuesTests@3aeaafa6]" started-at="2021-10-24T13:47:22 EEST" name="SubTest" data-provider="ValuesForSubTest" finished-at="2021-10-24T13:47:22 EEST" duration-ms="0" status="PASS">
          <params>
            <param index="0">
              <value>
                <![CDATA[0]]>
              </value>
            </param>
            <param index="1">
              <value>
                <![CDATA[0]]>
              </value>
            </param>
            <param index="2">
              <value>
                <![CDATA[0]]>
              </value>
            </param>
          </params>
          <reporter-output>
          </reporter-output>
        </test-method> <!-- SubTest -->
        <test-method signature="SubTest(long, long, long)[pri:0, instance:tests.SubLongValuesTests@3aeaafa6]" started-at="2021-10-24T13:47:22 EEST" name="SubTest" data-provider="ValuesForSubTest" finished-at="2021-10-24T13:47:22 EEST" duration-ms="0" status="PASS">
          <params>
            <param index="0">
              <value>
                <![CDATA[-5]]>
              </value>
            </param>
            <param index="1">
              <value>
                <![CDATA[-7]]>
              </value>
            </param>
            <param index="2">
              <value>
                <![CDATA[2]]>
              </value>
            </param>
          </params>
          <reporter-output>
          </reporter-output>
        </test-method> <!-- SubTest -->
        <test-method is-config="true" signature="tearDown()[pri:0, instance:tests.SubLongValuesTests@3aeaafa6]" started-at="2021-10-24T13:47:22 EEST" name="tearDown" finished-at="2021-10-24T13:47:22 EEST" duration-ms="0" status="PASS">
          <reporter-output>
          </reporter-output>
        </test-method> <!-- tearDown -->
      </class> <!-- tests.SubLongValuesTests -->
    </test> <!-- Sub Test for long values -->
    <test started-at="2021-10-24T13:47:22 EEST" name="Div Test for long values" finished-at="2021-10-24T13:47:22 EEST" duration-ms="3">
      <class name="tests.DivLongValuesTests">
        <test-method signature="DivTest(long, long, long)[pri:0, instance:tests.DivLongValuesTests@7cbd213e]" started-at="2021-10-24T13:47:22 EEST" name="DivTest" data-provider="ValuesForDivTest" finished-at="2021-10-24T13:47:22 EEST" duration-ms="1" status="PASS">
          <params>
            <param index="0">
              <value>
                <![CDATA[10]]>
              </value>
            </param>
            <param index="1">
              <value>
                <![CDATA[2]]>
              </value>
            </param>
            <param index="2">
              <value>
                <![CDATA[5]]>
              </value>
            </param>
          </params>
          <reporter-output>
          </reporter-output>
        </test-method> <!-- DivTest -->
        <test-method is-config="true" signature="SetUp()[pri:0, instance:tests.DivLongValuesTests@7cbd213e]" started-at="2021-10-24T13:47:22 EEST" name="SetUp" finished-at="2021-10-24T13:47:22 EEST" duration-ms="0" status="PASS">
          <reporter-output>
          </reporter-output>
        </test-method> <!-- SetUp -->
        <test-method signature="DivTest(long, long, long)[pri:0, instance:tests.DivLongValuesTests@7cbd213e]" started-at="2021-10-24T13:47:22 EEST" name="DivTest" data-provider="ValuesForDivTest" finished-at="2021-10-24T13:47:22 EEST" duration-ms="1" status="PASS">
          <params>
            <param index="0">
              <value>
                <![CDATA[-10]]>
              </value>
            </param>
            <param index="1">
              <value>
                <![CDATA[5]]>
              </value>
            </param>
            <param index="2">
              <value>
                <![CDATA[-2]]>
              </value>
            </param>
          </params>
          <reporter-output>
          </reporter-output>
        </test-method> <!-- DivTest -->
        <test-method signature="DivTest(long, long, long)[pri:0, instance:tests.DivLongValuesTests@7cbd213e]" started-at="2021-10-24T13:47:22 EEST" name="DivTest" data-provider="ValuesForDivTest" finished-at="2021-10-24T13:47:22 EEST" duration-ms="0" status="PASS">
          <params>
            <param index="0">
              <value>
                <![CDATA[-10]]>
              </value>
            </param>
            <param index="1">
              <value>
                <![CDATA[-3]]>
              </value>
            </param>
            <param index="2">
              <value>
                <![CDATA[3]]>
              </value>
            </param>
          </params>
          <reporter-output>
          </reporter-output>
        </test-method> <!-- DivTest -->
        <test-method signature="DivTest(long, long, long)[pri:0, instance:tests.DivLongValuesTests@7cbd213e]" started-at="2021-10-24T13:47:22 EEST" name="DivTest" data-provider="ValuesForDivTest" finished-at="2021-10-24T13:47:22 EEST" duration-ms="0" status="PASS">
          <params>
            <param index="0">
              <value>
                <![CDATA[0]]>
              </value>
            </param>
            <param index="1">
              <value>
                <![CDATA[1]]>
              </value>
            </param>
            <param index="2">
              <value>
                <![CDATA[0]]>
              </value>
            </param>
          </params>
          <reporter-output>
          </reporter-output>
        </test-method> <!-- DivTest -->
        <test-method is-config="true" signature="tearDown()[pri:0, instance:tests.DivLongValuesTests@7cbd213e]" started-at="2021-10-24T13:47:22 EEST" name="tearDown" finished-at="2021-10-24T13:47:22 EEST" duration-ms="0" status="PASS">
          <reporter-output>
          </reporter-output>
        </test-method> <!-- tearDown -->
      </class> <!-- tests.DivLongValuesTests -->
    </test> <!-- Div Test for long values -->
    <test started-at="2021-10-24T13:47:22 EEST" name="Div Test" finished-at="2021-10-24T13:47:22 EEST" duration-ms="2">
      <class name="tests.DivDoubleValuesTests">
        <test-method signature="DivNegativeTest()[pri:0, instance:tests.DivDoubleValuesTests@553a3d88]" started-at="2021-10-24T13:47:22 EEST" name="DivNegativeTest" finished-at="2021-10-24T13:47:22 EEST" duration-ms="0" status="PASS">
          <reporter-output>
          </reporter-output>
        </test-method> <!-- DivNegativeTest -->
        <test-method is-config="true" signature="SetUp()[pri:0, instance:tests.DivDoubleValuesTests@553a3d88]" started-at="2021-10-24T13:47:22 EEST" name="SetUp" finished-at="2021-10-24T13:47:22 EEST" duration-ms="0" status="PASS">
          <reporter-output>
          </reporter-output>
        </test-method> <!-- SetUp -->
        <test-method is-config="true" signature="tearDown()[pri:0, instance:tests.DivDoubleValuesTests@553a3d88]" started-at="2021-10-24T13:47:22 EEST" name="tearDown" finished-at="2021-10-24T13:47:22 EEST" duration-ms="0" status="PASS">
          <reporter-output>
          </reporter-output>
        </test-method> <!-- tearDown -->
        <test-method signature="DivTest(double, double, double)[pri:0, instance:tests.DivDoubleValuesTests@553a3d88]" started-at="2021-10-24T13:47:22 EEST" name="DivTest" data-provider="ValuesForDivTest" finished-at="2021-10-24T13:47:22 EEST" duration-ms="0" status="PASS">
          <params>
            <param index="0">
              <value>
                <![CDATA[0]]>
              </value>
            </param>
            <param index="1">
              <value>
                <![CDATA[1]]>
              </value>
            </param>
            <param index="2">
              <value>
                <![CDATA[0]]>
              </value>
            </param>
          </params>
          <reporter-output>
          </reporter-output>
        </test-method> <!-- DivTest -->
        <test-method signature="DivTest(double, double, double)[pri:0, instance:tests.DivDoubleValuesTests@553a3d88]" started-at="2021-10-24T13:47:22 EEST" name="DivTest" data-provider="ValuesForDivTest" finished-at="2021-10-24T13:47:22 EEST" duration-ms="0" status="PASS">
          <params>
            <param index="0">
              <value>
                <![CDATA[10.6]]>
              </value>
            </param>
            <param index="1">
              <value>
                <![CDATA[2]]>
              </value>
            </param>
            <param index="2">
              <value>
                <![CDATA[5.3]]>
              </value>
            </param>
          </params>
          <reporter-output>
          </reporter-output>
        </test-method> <!-- DivTest -->
        <test-method signature="DivTest(double, double, double)[pri:0, instance:tests.DivDoubleValuesTests@553a3d88]" started-at="2021-10-24T13:47:22 EEST" name="DivTest" data-provider="ValuesForDivTest" finished-at="2021-10-24T13:47:22 EEST" duration-ms="0" status="PASS">
          <params>
            <param index="0">
              <value>
                <![CDATA[-10]]>
              </value>
            </param>
            <param index="1">
              <value>
                <![CDATA[5]]>
              </value>
            </param>
            <param index="2">
              <value>
                <![CDATA[-2]]>
              </value>
            </param>
          </params>
          <reporter-output>
          </reporter-output>
        </test-method> <!-- DivTest -->
      </class> <!-- tests.DivDoubleValuesTests -->
    </test> <!-- Div Test -->
    <test started-at="2021-10-24T13:47:22 EEST" name="Multiple Test" finished-at="2021-10-24T13:47:23 EEST" duration-ms="3">
      <class name="tests.MultipleDoubleValuesTests">
        <test-method is-config="true" signature="SetUp()[pri:0, instance:tests.MultipleDoubleValuesTests@4e718207]" started-at="2021-10-24T13:47:22 EEST" name="SetUp" finished-at="2021-10-24T13:47:23 EEST" duration-ms="1" status="PASS">
          <reporter-output>
          </reporter-output>
        </test-method> <!-- SetUp -->
        <test-method signature="MultipleTest(double, double, double)[pri:0, instance:tests.MultipleDoubleValuesTests@4e718207]" started-at="2021-10-24T13:47:23 EEST" name="MultipleTest" data-provider="ValuesForMultTest" finished-at="2021-10-24T13:47:23 EEST" duration-ms="0" status="PASS">
          <params>
            <param index="0">
              <value>
                <![CDATA[1]]>
              </value>
            </param>
            <param index="1">
              <value>
                <![CDATA[0]]>
              </value>
            </param>
            <param index="2">
              <value>
                <![CDATA[0]]>
              </value>
            </param>
          </params>
          <reporter-output>
          </reporter-output>
        </test-method> <!-- MultipleTest -->
        <test-method signature="MultipleTest(double, double, double)[pri:0, instance:tests.MultipleDoubleValuesTests@4e718207]" started-at="2021-10-24T13:47:23 EEST" name="MultipleTest" data-provider="ValuesForMultTest" finished-at="2021-10-24T13:47:23 EEST" duration-ms="0" status="PASS">
          <params>
            <param index="0">
              <value>
                <![CDATA[0]]>
              </value>
            </param>
            <param index="1">
              <value>
                <![CDATA[0]]>
              </value>
            </param>
            <param index="2">
              <value>
                <![CDATA[0]]>
              </value>
            </param>
          </params>
          <reporter-output>
          </reporter-output>
        </test-method> <!-- MultipleTest -->
        <test-method signature="MultipleTest(double, double, double)[pri:0, instance:tests.MultipleDoubleValuesTests@4e718207]" started-at="2021-10-24T13:47:23 EEST" name="MultipleTest" data-provider="ValuesForMultTest" finished-at="2021-10-24T13:47:23 EEST" duration-ms="0" status="PASS">
          <params>
            <param index="0">
              <value>
                <![CDATA[128.5]]>
              </value>
            </param>
            <param index="1">
              <value>
                <![CDATA[2]]>
              </value>
            </param>
            <param index="2">
              <value>
                <![CDATA[257]]>
              </value>
            </param>
          </params>
          <reporter-output>
          </reporter-output>
        </test-method> <!-- MultipleTest -->
        <test-method signature="MultipleTest(double, double, double)[pri:0, instance:tests.MultipleDoubleValuesTests@4e718207]" started-at="2021-10-24T13:47:23 EEST" name="MultipleTest" data-provider="ValuesForMultTest" finished-at="2021-10-24T13:47:23 EEST" duration-ms="1" status="PASS">
          <params>
            <param index="0">
              <value>
                <![CDATA[-5]]>
              </value>
            </param>
            <param index="1">
              <value>
                <![CDATA[-7]]>
              </value>
            </param>
            <param index="2">
              <value>
                <![CDATA[35]]>
              </value>
            </param>
          </params>
          <reporter-output>
          </reporter-output>
        </test-method> <!-- MultipleTest -->
        <test-method is-config="true" signature="tearDown()[pri:0, instance:tests.MultipleDoubleValuesTests@4e718207]" started-at="2021-10-24T13:47:23 EEST" name="tearDown" finished-at="2021-10-24T13:47:23 EEST" duration-ms="1" status="PASS">
          <reporter-output>
          </reporter-output>
        </test-method> <!-- tearDown -->
        <test-method signature="MultipleTest(double, double, double)[pri:0, instance:tests.MultipleDoubleValuesTests@4e718207]" started-at="2021-10-24T13:47:23 EEST" name="MultipleTest" data-provider="ValuesForMultTest" finished-at="2021-10-24T13:47:23 EEST" duration-ms="0" status="PASS">
          <params>
            <param index="0">
              <value>
                <![CDATA[-10]]>
              </value>
            </param>
            <param index="1">
              <value>
                <![CDATA[5]]>
              </value>
            </param>
            <param index="2">
              <value>
                <![CDATA[-50]]>
              </value>
            </param>
          </params>
          <reporter-output>
          </reporter-output>
        </test-method> <!-- MultipleTest -->
      </class> <!-- tests.MultipleDoubleValuesTests -->
    </test> <!-- Multiple Test -->
    <test started-at="2021-10-24T13:47:23 EEST" name="Multiple Test for long values" finished-at="2021-10-24T13:47:23 EEST" duration-ms="2">
      <class name="tests.MultipleLongValuesTests">
        <test-method is-config="true" signature="SetUp()[pri:0, instance:tests.MultipleLongValuesTests@1fc2b765]" started-at="2021-10-24T13:47:23 EEST" name="SetUp" finished-at="2021-10-24T13:47:23 EEST" duration-ms="0" status="PASS">
          <reporter-output>
          </reporter-output>
        </test-method> <!-- SetUp -->
        <test-method signature="MultTest(long, long, long)[pri:0, instance:tests.MultipleLongValuesTests@1fc2b765]" started-at="2021-10-24T13:47:23 EEST" name="MultTest" data-provider="ValuesForMultTest" finished-at="2021-10-24T13:47:23 EEST" duration-ms="0" status="PASS">
          <params>
            <param index="0">
              <value>
                <![CDATA[128]]>
              </value>
            </param>
            <param index="1">
              <value>
                <![CDATA[2]]>
              </value>
            </param>
            <param index="2">
              <value>
                <![CDATA[256]]>
              </value>
            </param>
          </params>
          <reporter-output>
          </reporter-output>
        </test-method> <!-- MultTest -->
        <test-method signature="MultTest(long, long, long)[pri:0, instance:tests.MultipleLongValuesTests@1fc2b765]" started-at="2021-10-24T13:47:23 EEST" name="MultTest" data-provider="ValuesForMultTest" finished-at="2021-10-24T13:47:23 EEST" duration-ms="0" status="PASS">
          <params>
            <param index="0">
              <value>
                <![CDATA[1]]>
              </value>
            </param>
            <param index="1">
              <value>
                <![CDATA[0]]>
              </value>
            </param>
            <param index="2">
              <value>
                <![CDATA[0]]>
              </value>
            </param>
          </params>
          <reporter-output>
          </reporter-output>
        </test-method> <!-- MultTest -->
        <test-method signature="MultTest(long, long, long)[pri:0, instance:tests.MultipleLongValuesTests@1fc2b765]" started-at="2021-10-24T13:47:23 EEST" name="MultTest" data-provider="ValuesForMultTest" finished-at="2021-10-24T13:47:23 EEST" duration-ms="0" status="PASS">
          <params>
            <param index="0">
              <value>
                <![CDATA[0]]>
              </value>
            </param>
            <param index="1">
              <value>
                <![CDATA[0]]>
              </value>
            </param>
            <param index="2">
              <value>
                <![CDATA[0]]>
              </value>
            </param>
          </params>
          <reporter-output>
          </reporter-output>
        </test-method> <!-- MultTest -->
        <test-method signature="MultTest(long, long, long)[pri:0, instance:tests.MultipleLongValuesTests@1fc2b765]" started-at="2021-10-24T13:47:23 EEST" name="MultTest" data-provider="ValuesForMultTest" finished-at="2021-10-24T13:47:23 EEST" duration-ms="0" status="PASS">
          <params>
            <param index="0">
              <value>
                <![CDATA[-10]]>
              </value>
            </param>
            <param index="1">
              <value>
                <![CDATA[5]]>
              </value>
            </param>
            <param index="2">
              <value>
                <![CDATA[-50]]>
              </value>
            </param>
          </params>
          <reporter-output>
          </reporter-output>
        </test-method> <!-- MultTest -->
        <test-method is-config="true" signature="tearDown()[pri:0, instance:tests.MultipleLongValuesTests@1fc2b765]" started-at="2021-10-24T13:47:23 EEST" name="tearDown" finished-at="2021-10-24T13:47:23 EEST" duration-ms="0" status="PASS">
          <reporter-output>
          </reporter-output>
        </test-method> <!-- tearDown -->
        <test-method signature="MultTest(long, long, long)[pri:0, instance:tests.MultipleLongValuesTests@1fc2b765]" started-at="2021-10-24T13:47:23 EEST" name="MultTest" data-provider="ValuesForMultTest" finished-at="2021-10-24T13:47:23 EEST" duration-ms="0" status="PASS">
          <params>
            <param index="0">
              <value>
                <![CDATA[-5]]>
              </value>
            </param>
            <param index="1">
              <value>
                <![CDATA[-7]]>
              </value>
            </param>
            <param index="2">
              <value>
                <![CDATA[35]]>
              </value>
            </param>
          </params>
          <reporter-output>
          </reporter-output>
        </test-method> <!-- MultTest -->
      </class> <!-- tests.MultipleLongValuesTests -->
    </test> <!-- Multiple Test for long values -->
    <test started-at="2021-10-24T13:47:23 EEST" name="Pow Test" finished-at="2021-10-24T13:47:23 EEST" duration-ms="2">
      <class name="tests.PowTests">
        <test-method is-config="true" signature="SetUp()[pri:0, instance:tests.PowTests@2de8284b]" started-at="2021-10-24T13:47:23 EEST" name="SetUp" finished-at="2021-10-24T13:47:23 EEST" duration-ms="0" status="PASS">
          <reporter-output>
          </reporter-output>
        </test-method> <!-- SetUp -->
        <test-method signature="PowTest(double, double, double)[pri:0, instance:tests.PowTests@2de8284b]" started-at="2021-10-24T13:47:23 EEST" name="PowTest" data-provider="ValuesForPowTest" finished-at="2021-10-24T13:47:23 EEST" duration-ms="0" status="PASS">
          <params>
            <param index="0">
              <value>
                <![CDATA[1]]>
              </value>
            </param>
            <param index="1">
              <value>
                <![CDATA[0]]>
              </value>
            </param>
            <param index="2">
              <value>
                <![CDATA[1]]>
              </value>
            </param>
          </params>
          <reporter-output>
          </reporter-output>
        </test-method> <!-- PowTest -->
        <test-method signature="PowTest(double, double, double)[pri:0, instance:tests.PowTests@2de8284b]" started-at="2021-10-24T13:47:23 EEST" name="PowTest" data-provider="ValuesForPowTest" finished-at="2021-10-24T13:47:23 EEST" duration-ms="0" status="PASS">
          <params>
            <param index="0">
              <value>
                <![CDATA[2.5]]>
              </value>
            </param>
            <param index="1">
              <value>
                <![CDATA[3]]>
              </value>
            </param>
            <param index="2">
              <value>
                <![CDATA[15.625]]>
              </value>
            </param>
          </params>
          <reporter-output>
          </reporter-output>
        </test-method> <!-- PowTest -->
        <test-method signature="PowTest(double, double, double)[pri:0, instance:tests.PowTests@2de8284b]" started-at="2021-10-24T13:47:23 EEST" name="PowTest" data-provider="ValuesForPowTest" finished-at="2021-10-24T13:47:23 EEST" duration-ms="0" status="PASS">
          <params>
            <param index="0">
              <value>
                <![CDATA[2]]>
              </value>
            </param>
            <param index="1">
              <value>
                <![CDATA[2]]>
              </value>
            </param>
            <param index="2">
              <value>
                <![CDATA[4]]>
              </value>
            </param>
          </params>
          <reporter-output>
          </reporter-output>
        </test-method> <!-- PowTest -->
        <test-method is-config="true" signature="tearDown()[pri:0, instance:tests.PowTests@2de8284b]" started-at="2021-10-24T13:47:23 EEST" name="tearDown" finished-at="2021-10-24T13:47:23 EEST" duration-ms="1" status="PASS">
          <reporter-output>
          </reporter-output>
        </test-method> <!-- tearDown -->
        <test-method signature="PowTest(double, double, double)[pri:0, instance:tests.PowTests@2de8284b]" started-at="2021-10-24T13:47:23 EEST" name="PowTest" data-provider="ValuesForPowTest" finished-at="2021-10-24T13:47:23 EEST" duration-ms="0" status="PASS">
          <params>
            <param index="0">
              <value>
                <![CDATA[2]]>
              </value>
            </param>
            <param index="1">
              <value>
                <![CDATA[1.5]]>
              </value>
            </param>
            <param index="2">
              <value>
                <![CDATA[2]]>
              </value>
            </param>
          </params>
          <reporter-output>
          </reporter-output>
        </test-method> <!-- PowTest -->
        <test-method signature="PowTest(double, double, double)[pri:0, instance:tests.PowTests@2de8284b]" started-at="2021-10-24T13:47:23 EEST" name="PowTest" data-provider="ValuesForPowTest" finished-at="2021-10-24T13:47:23 EEST" duration-ms="0" status="PASS">
          <params>
            <param index="0">
              <value>
                <![CDATA[0]]>
              </value>
            </param>
            <param index="1">
              <value>
                <![CDATA[1]]>
              </value>
            </param>
            <param index="2">
              <value>
                <![CDATA[0]]>
              </value>
            </param>
          </params>
          <reporter-output>
          </reporter-output>
        </test-method> <!-- PowTest -->
      </class> <!-- tests.PowTests -->
    </test> <!-- Pow Test -->
    <test started-at="2021-10-24T13:47:23 EEST" name="Sqrt Test" finished-at="2021-10-24T13:47:23 EEST" duration-ms="0">
    </test> <!-- Sqrt Test -->
  </suite> <!-- Algebraic Suite -->
  <suite started-at="2021-10-24T13:47:22 EEST" name="Trigonometry Suite" finished-at="2021-10-24T13:47:22 EEST" duration-ms="128">
    <groups>
    </groups>
    <test started-at="2021-10-24T13:47:22 EEST" name="Ctg Test" finished-at="2021-10-24T13:47:22 EEST" duration-ms="43">
      <class name="tests.CtgTests">
        <test-method is-config="true" signature="SetUp()[pri:0, instance:tests.CtgTests@76b0bfab]" started-at="2021-10-24T13:47:22 EEST" name="SetUp" finished-at="2021-10-24T13:47:22 EEST" duration-ms="13" status="PASS">
          <reporter-output>
          </reporter-output>
        </test-method> <!-- SetUp -->
        <test-method signature="CtgTest(double, double)[pri:0, instance:tests.CtgTests@76b0bfab]" started-at="2021-10-24T13:47:22 EEST" name="CtgTest" data-provider="ValuesForCtgTest" finished-at="2021-10-24T13:47:22 EEST" duration-ms="3" status="PASS">
          <params>
            <param index="0">
              <value>
                <![CDATA[90]]>
              </value>
            </param>
            <param index="1">
              <value>
                <![CDATA[1]]>
              </value>
            </param>
          </params>
          <reporter-output>
          </reporter-output>
        </test-method> <!-- CtgTest -->
        <test-method signature="CtgTest(double, double)[pri:0, instance:tests.CtgTests@76b0bfab]" started-at="2021-10-24T13:47:22 EEST" name="CtgTest" data-provider="ValuesForCtgTest" finished-at="2021-10-24T13:47:22 EEST" duration-ms="0" status="PASS">
          <params>
            <param index="0">
              <value>
                <![CDATA[50]]>
              </value>
            </param>
            <param index="1">
              <value>
                <![CDATA[1]]>
              </value>
            </param>
          </params>
          <reporter-output>
          </reporter-output>
        </test-method> <!-- CtgTest -->
        <test-method signature="CtgTest(double, double)[pri:0, instance:tests.CtgTests@76b0bfab]" started-at="2021-10-24T13:47:22 EEST" name="CtgTest" data-provider="ValuesForCtgTest" finished-at="2021-10-24T13:47:22 EEST" duration-ms="0" status="PASS">
          <params>
            <param index="0">
              <value>
                <![CDATA[60]]>
              </value>
            </param>
            <param index="1">
              <value>
                <![CDATA[1]]>
              </value>
            </param>
          </params>
          <reporter-output>
          </reporter-output>
        </test-method> <!-- CtgTest -->
        <test-method is-config="true" signature="tearDown()[pri:0, instance:tests.CtgTests@76b0bfab]" started-at="2021-10-24T13:47:22 EEST" name="tearDown" finished-at="2021-10-24T13:47:22 EEST" duration-ms="0" status="PASS">
          <reporter-output>
          </reporter-output>
        </test-method> <!-- tearDown -->
      </class> <!-- tests.CtgTests -->
    </test> <!-- Ctg Test -->
    <test started-at="2021-10-24T13:47:22 EEST" name="Sin Test" finished-at="2021-10-24T13:47:22 EEST" duration-ms="5">
      <class name="tests.SinTests">
        <test-method is-config="true" signature="SetUp()[pri:0, instance:tests.SinTests@6b9651f3]" started-at="2021-10-24T13:47:22 EEST" name="SetUp" finished-at="2021-10-24T13:47:22 EEST" duration-ms="1" status="PASS">
          <reporter-output>
          </reporter-output>
        </test-method> <!-- SetUp -->
        <test-method signature="SinTest(double, double)[pri:0, instance:tests.SinTests@6b9651f3]" started-at="2021-10-24T13:47:22 EEST" name="SinTest" data-provider="ValuesForSinTest" finished-at="2021-10-24T13:47:22 EEST" duration-ms="1" status="PASS">
          <params>
            <param index="0">
              <value>
                <![CDATA[90]]>
              </value>
            </param>
            <param index="1">
              <value>
                <![CDATA[0.89]]>
              </value>
            </param>
          </params>
          <reporter-output>
          </reporter-output>
        </test-method> <!-- SinTest -->
        <test-method signature="SinTest(double, double)[pri:0, instance:tests.SinTests@6b9651f3]" started-at="2021-10-24T13:47:22 EEST" name="SinTest" data-provider="ValuesForSinTest" finished-at="2021-10-24T13:47:22 EEST" duration-ms="0" status="PASS">
          <params>
            <param index="0">
              <value>
                <![CDATA[180]]>
              </value>
            </param>
            <param index="1">
              <value>
                <![CDATA[-0.8]]>
              </value>
            </param>
          </params>
          <reporter-output>
          </reporter-output>
        </test-method> <!-- SinTest -->
        <test-method signature="SinTest(double, double)[pri:0, instance:tests.SinTests@6b9651f3]" started-at="2021-10-24T13:47:22 EEST" name="SinTest" data-provider="ValuesForSinTest" finished-at="2021-10-24T13:47:22 EEST" duration-ms="0" status="PASS">
          <params>
            <param index="0">
              <value>
                <![CDATA[30]]>
              </value>
            </param>
            <param index="1">
              <value>
                <![CDATA[-0.99]]>
              </value>
            </param>
          </params>
          <reporter-output>
          </reporter-output>
        </test-method> <!-- SinTest -->
        <test-method is-config="true" signature="tearDown()[pri:0, instance:tests.SinTests@6b9651f3]" started-at="2021-10-24T13:47:22 EEST" name="tearDown" finished-at="2021-10-24T13:47:22 EEST" duration-ms="1" status="PASS">
          <reporter-output>
          </reporter-output>
        </test-method> <!-- tearDown -->
        <test-method signature="SinTest(double, double)[pri:0, instance:tests.SinTests@6b9651f3]" started-at="2021-10-24T13:47:22 EEST" name="SinTest" data-provider="ValuesForSinTest" finished-at="2021-10-24T13:47:22 EEST" duration-ms="0" status="PASS">
          <params>
            <param index="0">
              <value>
                <![CDATA[60]]>
              </value>
            </param>
            <param index="1">
              <value>
                <![CDATA[-0.3]]>
              </value>
            </param>
          </params>
          <reporter-output>
          </reporter-output>
        </test-method> <!-- SinTest -->
      </class> <!-- tests.SinTests -->
    </test> <!-- Sin Test -->
    <test started-at="2021-10-24T13:47:22 EEST" name="Tangent Test" finished-at="2021-10-24T13:47:22 EEST" duration-ms="3">
      <class name="tests.TangentTests">
        <test-method is-config="true" signature="SetUp()[pri:0, instance:tests.TangentTests@e874448]" started-at="2021-10-24T13:47:22 EEST" name="SetUp" finished-at="2021-10-24T13:47:22 EEST" duration-ms="0" status="PASS">
          <reporter-output>
          </reporter-output>
        </test-method> <!-- SetUp -->
        <test-method signature="TangentTest(double, double)[pri:0, instance:tests.TangentTests@e874448]" started-at="2021-10-24T13:47:22 EEST" name="TangentTest" data-provider="ValuesForTangentTest" finished-at="2021-10-24T13:47:22 EEST" duration-ms="0" status="PASS">
          <params>
            <param index="0">
              <value>
                <![CDATA[90]]>
              </value>
            </param>
            <param index="1">
              <value>
                <![CDATA[1]]>
              </value>
            </param>
          </params>
          <reporter-output>
          </reporter-output>
        </test-method> <!-- TangentTest -->
        <test-method signature="TangentTest(double, double)[pri:0, instance:tests.TangentTests@e874448]" started-at="2021-10-24T13:47:22 EEST" name="TangentTest" data-provider="ValuesForTangentTest" finished-at="2021-10-24T13:47:22 EEST" duration-ms="0" status="PASS">
          <params>
            <param index="0">
              <value>
                <![CDATA[1]]>
              </value>
            </param>
            <param index="1">
              <value>
                <![CDATA[1]]>
              </value>
            </param>
          </params>
          <reporter-output>
          </reporter-output>
        </test-method> <!-- TangentTest -->
        <test-method signature="TangentTest(double, double)[pri:0, instance:tests.TangentTests@e874448]" started-at="2021-10-24T13:47:22 EEST" name="TangentTest" data-provider="ValuesForTangentTest" finished-at="2021-10-24T13:47:22 EEST" duration-ms="0" status="PASS">
          <params>
            <param index="0">
              <value>
                <![CDATA[2.5]]>
              </value>
            </param>
            <param index="1">
              <value>
                <![CDATA[1]]>
              </value>
            </param>
          </params>
          <reporter-output>
          </reporter-output>
        </test-method> <!-- TangentTest -->
        <test-method signature="TangentTest(double, double)[pri:0, instance:tests.TangentTests@e874448]" started-at="2021-10-24T13:47:22 EEST" name="TangentTest" data-provider="ValuesForTangentTest" finished-at="2021-10-24T13:47:22 EEST" duration-ms="1" status="PASS">
          <params>
            <param index="0">
              <value>
                <![CDATA[60]]>
              </value>
            </param>
            <param index="1">
              <value>
                <![CDATA[1]]>
              </value>
            </param>
          </params>
          <reporter-output>
          </reporter-output>
        </test-method> <!-- TangentTest -->
        <test-method is-config="true" signature="tearDown()[pri:0, instance:tests.TangentTests@e874448]" started-at="2021-10-24T13:47:22 EEST" name="tearDown" finished-at="2021-10-24T13:47:22 EEST" duration-ms="0" status="PASS">
          <reporter-output>
          </reporter-output>
        </test-method> <!-- tearDown -->
      </class> <!-- tests.TangentTests -->
    </test> <!-- Tangent Test -->
  </suite> <!-- Trigonometry Suite -->
  <suite started-at="2021-10-24T13:47:23 EEST" name="All Tests" finished-at="2021-10-24T13:47:23 EEST" duration-ms="0">
    <groups>
    </groups>
  </suite> <!-- All Tests -->
  <suite started-at="2021-10-24T13:47:23 EEST" name="Default Suite" finished-at="2021-10-24T13:47:23 EEST" duration-ms="0">
    <groups>
    </groups>
  </suite> <!-- Default Suite -->
  <suite started-at="2021-10-24T13:47:23 EEST" name="Logical Suite" finished-at="2021-10-24T13:47:23 EEST" duration-ms="9">
    <groups>
    </groups>
    <test started-at="2021-10-24T13:47:23 EEST" name="IsPositive Test" finished-at="2021-10-24T13:47:23 EEST" duration-ms="3">
      <class name="tests.IsPositiveTests">
        <test-method is-config="true" signature="SetUp()[pri:0, instance:tests.IsPositiveTests@eb21112]" started-at="2021-10-24T13:47:23 EEST" name="SetUp" finished-at="2021-10-24T13:47:23 EEST" duration-ms="0" status="PASS">
          <reporter-output>
          </reporter-output>
        </test-method> <!-- SetUp -->
        <test-method signature="IsPositiveTest(long, boolean)[pri:0, instance:tests.IsPositiveTests@eb21112]" started-at="2021-10-24T13:47:23 EEST" name="IsPositiveTest" data-provider="ValuesForIsPositiveTest" finished-at="2021-10-24T13:47:23 EEST" duration-ms="0" status="PASS">
          <params>
            <param index="0">
              <value>
                <![CDATA[90]]>
              </value>
            </param>
            <param index="1">
              <value>
                <![CDATA[true]]>
              </value>
            </param>
          </params>
          <reporter-output>
          </reporter-output>
        </test-method> <!-- IsPositiveTest -->
        <test-method signature="IsPositiveTest(long, boolean)[pri:0, instance:tests.IsPositiveTests@eb21112]" started-at="2021-10-24T13:47:23 EEST" name="IsPositiveTest" data-provider="ValuesForIsPositiveTest" finished-at="2021-10-24T13:47:23 EEST" duration-ms="0" status="PASS">
          <params>
            <param index="0">
              <value>
                <![CDATA[0]]>
              </value>
            </param>
            <param index="1">
              <value>
                <![CDATA[false]]>
              </value>
            </param>
          </params>
          <reporter-output>
          </reporter-output>
        </test-method> <!-- IsPositiveTest -->
        <test-method signature="IsPositiveTest(long, boolean)[pri:0, instance:tests.IsPositiveTests@eb21112]" started-at="2021-10-24T13:47:23 EEST" name="IsPositiveTest" data-provider="ValuesForIsPositiveTest" finished-at="2021-10-24T13:47:23 EEST" duration-ms="0" status="PASS">
          <params>
            <param index="0">
              <value>
                <![CDATA[50]]>
              </value>
            </param>
            <param index="1">
              <value>
                <![CDATA[true]]>
              </value>
            </param>
          </params>
          <reporter-output>
          </reporter-output>
        </test-method> <!-- IsPositiveTest -->
        <test-method signature="IsPositiveTest(long, boolean)[pri:0, instance:tests.IsPositiveTests@eb21112]" started-at="2021-10-24T13:47:23 EEST" name="IsPositiveTest" data-provider="ValuesForIsPositiveTest" finished-at="2021-10-24T13:47:23 EEST" duration-ms="0" status="PASS">
          <params>
            <param index="0">
              <value>
                <![CDATA[-5]]>
              </value>
            </param>
            <param index="1">
              <value>
                <![CDATA[false]]>
              </value>
            </param>
          </params>
          <reporter-output>
          </reporter-output>
        </test-method> <!-- IsPositiveTest -->
        <test-method is-config="true" signature="tearDown()[pri:0, instance:tests.IsPositiveTests@eb21112]" started-at="2021-10-24T13:47:23 EEST" name="tearDown" finished-at="2021-10-24T13:47:23 EEST" duration-ms="1" status="PASS">
          <reporter-output>
          </reporter-output>
        </test-method> <!-- tearDown -->
      </class> <!-- tests.IsPositiveTests -->
    </test> <!-- IsPositive Test -->
    <test started-at="2021-10-24T13:47:23 EEST" name="IsNegative Test" finished-at="2021-10-24T13:47:23 EEST" duration-ms="3">
      <class name="tests.IsNegativeTests">
        <test-method signature="IsPositiveTest(long, boolean)[pri:0, instance:tests.IsNegativeTests@4d1b0d2a]" started-at="2021-10-24T13:47:23 EEST" name="IsPositiveTest" data-provider="ValuesForIsNegativeTest" finished-at="2021-10-24T13:47:23 EEST" duration-ms="1" status="PASS">
          <params>
            <param index="0">
              <value>
                <![CDATA[90]]>
              </value>
            </param>
            <param index="1">
              <value>
                <![CDATA[false]]>
              </value>
            </param>
          </params>
          <reporter-output>
          </reporter-output>
        </test-method> <!-- IsPositiveTest -->
        <test-method is-config="true" signature="SetUp()[pri:0, instance:tests.IsNegativeTests@4d1b0d2a]" started-at="2021-10-24T13:47:23 EEST" name="SetUp" finished-at="2021-10-24T13:47:23 EEST" duration-ms="0" status="PASS">
          <reporter-output>
          </reporter-output>
        </test-method> <!-- SetUp -->
        <test-method signature="IsPositiveTest(long, boolean)[pri:0, instance:tests.IsNegativeTests@4d1b0d2a]" started-at="2021-10-24T13:47:23 EEST" name="IsPositiveTest" data-provider="ValuesForIsNegativeTest" finished-at="2021-10-24T13:47:23 EEST" duration-ms="0" status="PASS">
          <params>
            <param index="0">
              <value>
                <![CDATA[50]]>
              </value>
            </param>
            <param index="1">
              <value>
                <![CDATA[false]]>
              </value>
            </param>
          </params>
          <reporter-output>
          </reporter-output>
        </test-method> <!-- IsPositiveTest -->
        <test-method is-config="true" signature="tearDown()[pri:0, instance:tests.IsNegativeTests@4d1b0d2a]" started-at="2021-10-24T13:47:23 EEST" name="tearDown" finished-at="2021-10-24T13:47:23 EEST" duration-ms="1" status="PASS">
          <reporter-output>
          </reporter-output>
        </test-method> <!-- tearDown -->
        <test-method signature="IsPositiveTest(long, boolean)[pri:0, instance:tests.IsNegativeTests@4d1b0d2a]" started-at="2021-10-24T13:47:23 EEST" name="IsPositiveTest" data-provider="ValuesForIsNegativeTest" finished-at="2021-10-24T13:47:23 EEST" duration-ms="0" status="PASS">
          <params>
            <param index="0">
              <value>
                <![CDATA[0]]>
              </value>
            </param>
            <param index="1">
              <value>
                <![CDATA[false]]>
              </value>
            </param>
          </params>
          <reporter-output>
          </reporter-output>
        </test-method> <!-- IsPositiveTest -->
        <test-method signature="IsPositiveTest(long, boolean)[pri:0, instance:tests.IsNegativeTests@4d1b0d2a]" started-at="2021-10-24T13:47:23 EEST" name="IsPositiveTest" data-provider="ValuesForIsNegativeTest" finished-at="2021-10-24T13:47:23 EEST" duration-ms="0" status="PASS">
          <params>
            <param index="0">
              <value>
                <![CDATA[-5]]>
              </value>
            </param>
            <param index="1">
              <value>
                <![CDATA[true]]>
              </value>
            </param>
          </params>
          <reporter-output>
          </reporter-output>
        </test-method> <!-- IsPositiveTest -->
      </class> <!-- tests.IsNegativeTests -->
    </test> <!-- IsNegative Test -->
  </suite> <!-- Logical Suite -->
</testng-results>
